Using pre-set license
Built from '2020.2/staging' branch; Version is '2020.2.3f1 (8ff31bc5bf5b) revision 9433883'; Using compiler version '192528614'; Build Type 'Release'
OS: 'Windows 10 Pro; OS build 19041.804; Version 2004; 64bit' Language: 'en' Physical Memory: 16305 MB
BatchMode: 1, IsHumanControllingUs: 0, StartBugReporterOnCrash: 0, Is64bit: 1, IsPro: 0

 COMMAND LINE ARGUMENTS:
C:\Program Files\Unity\Hub\Editor\2020.2.3f1\Editor\Unity.exe
-adb2
-batchMode
-noUpm
-name
AssetImportWorker0
-projectPath
C:/Users/Cristina Martinez/MarioGame
-logFile
Logs/AssetImportWorker0.log
-srvPort
55936
Successfully changed project path to: C:/Users/Cristina Martinez/MarioGame
C:/Users/Cristina Martinez/MarioGame
Using Asset Import Pipeline V2.
Refreshing native plugins compatible for Editor in 153.44 ms, found 0 plugins.
Preloading 0 native plugins for Editor in 0.00 ms.
Initialize engine version: 2020.2.3f1 (8ff31bc5bf5b)
[Subsystems] Discovering subsystems at path C:/Program Files/Unity/Hub/Editor/2020.2.3f1/Editor/Data/Resources/UnitySubsystems
[Subsystems] Discovering subsystems at path C:/Users/Cristina Martinez/MarioGame/Assets
GfxDevice: creating device client; threaded=0
Direct3D:
    Version:  Direct3D 11.0 [level 11.1]
    Renderer: NVIDIA GeForce GTX 1660 Ti (ID=0x2182)
    Vendor:   
    VRAM:     5991 MB
    Driver:   27.21.14.5730
Initialize mono
Mono path[0] = 'C:/Program Files/Unity/Hub/Editor/2020.2.3f1/Editor/Data/Managed'
Mono path[1] = 'C:/Program Files/Unity/Hub/Editor/2020.2.3f1/Editor/Data/MonoBleedingEdge/lib/mono/unityjit'
Mono config path = 'C:/Program Files/Unity/Hub/Editor/2020.2.3f1/Editor/Data/MonoBleedingEdge/etc'
Using monoOptions --debugger-agent=transport=dt_socket,embedding=1,server=y,suspend=n,address=127.0.0.1:56956
Begin MonoManager ReloadAssembly
Registering precompiled unity dll's ...
Register platform support module: C:/Program Files/Unity/Hub/Editor/2020.2.3f1/Editor/Data/PlaybackEngines/WindowsStandaloneSupport/UnityEditor.WindowsStandalone.Extensions.dll
Registered in 0.004666 seconds.
Native extension for WindowsStandalone target not found
Refreshing native plugins compatible for Editor in 44.97 ms, found 0 plugins.
Preloading 0 native plugins for Editor in 0.00 ms.
Invoked RoslynAnalysisRunner static constructor.
RoslynAnalysisRunner will not be running.
RoslynAnalysisRunner has terminated.
Mono: successfully reloaded assembly
- Completed reload, in  1.417 seconds
Platform modules already initialized, skipping
Registering precompiled user dll's ...
Registered in 0.001765 seconds.
Begin MonoManager ReloadAssembly
Native extension for WindowsStandalone target not found
Refreshing native plugins compatible for Editor in 42.80 ms, found 0 plugins.
Preloading 0 native plugins for Editor in 0.00 ms.
Invoked RoslynAnalysisRunner static constructor.
RoslynAnalysisRunner will not be running.
RoslynAnalysisRunner has terminated.
Mono: successfully reloaded assembly
- Completed reload, in  0.908 seconds
Platform modules already initialized, skipping
========================================================================
Worker process is ready to serve import requests
Shader 'Universal Render Pipeline/Particles/Lit': fallback shader 'Universal Render Pipeline/Particles/SimpleLit' not found
Shader 'Universal Render Pipeline/Particles/Lit': fallback shader 'Universal Render Pipeline/Particles/SimpleLit' not found
Launched and connected shader compiler UnityShaderCompiler.exe after 0.05 seconds
Refreshing native plugins compatible for Editor in 0.35 ms, found 0 plugins.
Preloading 0 native plugins for Editor in 0.00 ms.
Unloading 2397 Unused Serialized files (Serialized files now loaded: 0)
System memory in use before: 111.1 MB.
System memory in use after: 108.8 MB.

Unloading 45 unused Assets to reduce memory usage. Loaded Objects now: 2802.
Total: 2.909300 ms (FindLiveObjects: 0.249200 ms CreateObjectMapping: 0.108800 ms MarkObjects: 1.490200 ms  DeleteObjects: 1.059800 ms)

========================================================================
Received Import Request.
  path: Assets/Readme.asset
  artifactKey: Guid(83c2ed844a8c74b779a4c823d16594b1) Importer(815301076,1909f56bfc062723c751e8b465ee728b)
Start importing Assets/Readme.asset using Guid(83c2ed844a8c74b779a4c823d16594b1) Importer(815301076,1909f56bfc062723c751e8b465ee728b)  -> (artifact id: '610813ba35a37da578916c06bab11585') in 0.027263 seconds
  Import took 0.032289 seconds .

========================================================================
Received Import Request.
  Time since last request: 138.935178 seconds.
  path: Assets/Scenes
  artifactKey: Guid(8a8296fa1dd20d84c8a0dbb10a861274) Importer(815301076,1909f56bfc062723c751e8b465ee728b)
Start importing Assets/Scenes using Guid(8a8296fa1dd20d84c8a0dbb10a861274) Importer(815301076,1909f56bfc062723c751e8b465ee728b)  -> (artifact id: '5abaee95c82433a50013b8da99fb6d33') in 0.002859 seconds
  Import took 0.007555 seconds .

========================================================================
Received Import Request.
  Time since last request: 720.094597 seconds.
  path: Assets/Materials/Skybox_Mat.mat
  artifactKey: Guid(0ffaa0b7117ba8c47a9d05ae701d4b4d) Importer(815301076,1909f56bfc062723c751e8b465ee728b)
Start importing Assets/Materials/Skybox_Mat.mat using Guid(0ffaa0b7117ba8c47a9d05ae701d4b4d) Importer(815301076,1909f56bfc062723c751e8b465ee728b)  -> (artifact id: 'fe4abf6bde8941269e733108c223f6e6') in 0.180228 seconds
  Import took 0.185242 seconds .

========================================================================
Received Import Request.
  Time since last request: 1.306963 seconds.
  path: Assets/Presets/AudioCompressedInMemory.preset
  artifactKey: Guid(2dd802e4d37c65149922028d3e973832) Importer(815301076,1909f56bfc062723c751e8b465ee728b)
Start importing Assets/Presets/AudioCompressedInMemory.preset using Guid(2dd802e4d37c65149922028d3e973832) Importer(815301076,1909f56bfc062723c751e8b465ee728b)  -> (artifact id: '9b4321c18c3bb3ec10e533503b749c2b') in 0.005050 seconds
  Import took 0.009888 seconds .

========================================================================
Received Import Request.
  Time since last request: 0.000872 seconds.
  path: Assets/Presets/AudioStreaming.preset
  artifactKey: Guid(86bcce7f5575b54408aa0f3a7d321039) Importer(815301076,1909f56bfc062723c751e8b465ee728b)
Start importing Assets/Presets/AudioStreaming.preset using Guid(86bcce7f5575b54408aa0f3a7d321039) Importer(815301076,1909f56bfc062723c751e8b465ee728b)  -> (artifact id: '80622e16691b4b345d1c1f890c4d5ec9') in 0.003808 seconds
  Import took 0.008197 seconds .

========================================================================
Received Import Request.
  Time since last request: 0.001222 seconds.
  path: Assets/Presets/NormalTexture.preset
  artifactKey: Guid(14a57cf3b9fa1c74b884aa7e0dcf1faa) Importer(815301076,1909f56bfc062723c751e8b465ee728b)
Start importing Assets/Presets/NormalTexture.preset using Guid(14a57cf3b9fa1c74b884aa7e0dcf1faa) Importer(815301076,1909f56bfc062723c751e8b465ee728b)  -> (artifact id: '9921d28f536b747024eda37ee275a335') in 0.005241 seconds
  Import took 0.010642 seconds .

========================================================================
Received Import Request.
  Time since last request: 0.000858 seconds.
  path: Assets/Presets/UtilityTexture.preset
  artifactKey: Guid(45f7b2e3c78185248b3adbb14429c2ab) Importer(815301076,1909f56bfc062723c751e8b465ee728b)
Start importing Assets/Presets/UtilityTexture.preset using Guid(45f7b2e3c78185248b3adbb14429c2ab) Importer(815301076,1909f56bfc062723c751e8b465ee728b)  -> (artifact id: '119bb89e762408fbe552a51715555a03') in 0.005231 seconds
  Import took 0.009591 seconds .

========================================================================
Received Prepare
Registering precompiled user dll's ...
Registered in 0.001249 seconds.
Begin MonoManager ReloadAssembly
Native extension for WindowsStandalone target not found
Refreshing native plugins compatible for Editor in 0.52 ms, found 0 plugins.
Preloading 0 native plugins for Editor in 0.00 ms.
Invoked RoslynAnalysisRunner static constructor.
RoslynAnalysisRunner will not be running.
RoslynAnalysisRunner has terminated.
Mono: successfully reloaded assembly
- Completed reload, in  0.776 seconds
Platform modules already initialized, skipping
Shader 'Universal Render Pipeline/Particles/Lit': fallback shader 'Universal Render Pipeline/Particles/SimpleLit' not found
Shader 'Universal Render Pipeline/Particles/Lit': fallback shader 'Universal Render Pipeline/Particles/SimpleLit' not found
Refreshing native plugins compatible for Editor in 0.34 ms, found 0 plugins.
Preloading 0 native plugins for Editor in 0.00 ms.
Unloading 2323 Unused Serialized files (Serialized files now loaded: 0)
System memory in use before: 113.2 MB.
System memory in use after: 111.0 MB.

Unloading 40 unused Assets to reduce memory usage. Loaded Objects now: 2883.
Total: 2.991800 ms (FindLiveObjects: 0.285200 ms CreateObjectMapping: 0.149700 ms MarkObjects: 1.510700 ms  DeleteObjects: 1.045300 ms)

========================================================================
Received Import Request.
  Time since last request: 83.471554 seconds.
  path: Assets/Textures/Level1-1.png
  artifactKey: Guid(1b350468da476d44784643c3d9a36f48) Importer(815301076,1909f56bfc062723c751e8b465ee728b)
Start importing Assets/Textures/Level1-1.png using Guid(1b350468da476d44784643c3d9a36f48) Importer(815301076,1909f56bfc062723c751e8b465ee728b)  -> (artifact id: 'd7d9e4501d7873c4c1f56a2e8bf4fdf0') in 0.080559 seconds
  Import took 0.084596 seconds .

========================================================================
Received Import Request.
  Time since last request: 2430.464611 seconds.
  path: Assets/Resources/Test.txt
  artifactKey: Guid(3cc86b075fe911c4b8b8055a38219a43) Importer(815301076,1909f56bfc062723c751e8b465ee728b)
Start importing Assets/Resources/Test.txt using Guid(3cc86b075fe911c4b8b8055a38219a43) Importer(815301076,1909f56bfc062723c751e8b465ee728b)  -> (artifact id: '2fa47503ee19c11da247554272da4a21') in 0.007315 seconds
  Import took 0.012946 seconds .

========================================================================
Received Import Request.
  Time since last request: 0.000782 seconds.
  path: Assets/Resources/Test.txt
  artifactKey: Guid(3cc86b075fe911c4b8b8055a38219a43) Importer(815301076,1909f56bfc062723c751e8b465ee728b)
Start importing Assets/Resources/Test.txt using Guid(3cc86b075fe911c4b8b8055a38219a43) Importer(815301076,1909f56bfc062723c751e8b465ee728b)  -> (artifact id: '2fa47503ee19c11da247554272da4a21') in 0.003500 seconds
  Import took 0.008227 seconds .

========================================================================
Received Import Request.
  Time since last request: 256.428968 seconds.
  path: Assets/Scripts/LevelParserStarter.cs
  artifactKey: Guid(9e6568559d6661b4eba05e67f1401a83) Importer(815301076,1909f56bfc062723c751e8b465ee728b)
Start importing Assets/Scripts/LevelParserStarter.cs using Guid(9e6568559d6661b4eba05e67f1401a83) Importer(815301076,1909f56bfc062723c751e8b465ee728b)  -> (artifact id: '58a65882ace69ff384da6d5af25c5256') in 0.008721 seconds
  Import took 0.015691 seconds .

========================================================================
Received Import Request.
  Time since last request: 0.016576 seconds.
  path: Assets/Scripts/LevelParserStarter.cs
  artifactKey: Guid(9e6568559d6661b4eba05e67f1401a83) Importer(815301076,1909f56bfc062723c751e8b465ee728b)
Start importing Assets/Scripts/LevelParserStarter.cs using Guid(9e6568559d6661b4eba05e67f1401a83) Importer(815301076,1909f56bfc062723c751e8b465ee728b)  -> (artifact id: '58a65882ace69ff384da6d5af25c5256') in 0.003903 seconds
  Import took 0.009331 seconds .

========================================================================
Received Import Request.
  Time since last request: 2165.148586 seconds.
  path: Assets/Scripts/SimpleCameraController.cs
  artifactKey: Guid(be76e5f14cfee674cb30b491fb72b09b) Importer(815301076,1909f56bfc062723c751e8b465ee728b)
Start importing Assets/Scripts/SimpleCameraController.cs using Guid(be76e5f14cfee674cb30b491fb72b09b) Importer(815301076,1909f56bfc062723c751e8b465ee728b)  -> (artifact id: '6b99b4f6f911a49570408815c46d7299') in 0.004890 seconds
  Import took 0.009666 seconds .

AssetImportWorkerClient::OnTransportError - code=2 error=End of file
